<?xml version="1.0" encoding="UTF-8"?>
<testsuite name="org.jsoup.parser.HtmlParserTest" time="0.873" tests="127" errors="0" skipped="1" failures="0">
  <properties>
    <property name="java.runtime.name" value="OpenJDK Runtime Environment"/>
    <property name="sun.boot.library.path" value="/usr/lib/jvm/java-8-openjdk-amd64/jre/lib/amd64"/>
    <property name="java.vm.version" value="25.292-b10"/>
    <property name="java.vm.vendor" value="Private Build"/>
    <property name="maven.multiModuleProjectDirectory" value="/home/ubuntu/jsoup-master"/>
    <property name="java.vendor.url" value="http://java.oracle.com/"/>
    <property name="path.separator" value=":"/>
    <property name="guice.disable.misplaced.annotation.check" value="true"/>
    <property name="java.vm.name" value="OpenJDK 64-Bit Server VM"/>
    <property name="file.encoding.pkg" value="sun.io"/>
    <property name="user.country" value="US"/>
    <property name="sun.java.launcher" value="SUN_STANDARD"/>
    <property name="sun.os.patch.level" value="unknown"/>
    <property name="java.vm.specification.name" value="Java Virtual Machine Specification"/>
    <property name="user.dir" value="/home/ubuntu/jsoup-master"/>
    <property name="java.runtime.version" value="1.8.0_292-8u292-b10-0ubuntu1~16.04.1-b10"/>
    <property name="java.awt.graphicsenv" value="sun.awt.X11GraphicsEnvironment"/>
    <property name="java.endorsed.dirs" value="/usr/lib/jvm/java-8-openjdk-amd64/jre/lib/endorsed"/>
    <property name="os.arch" value="amd64"/>
    <property name="java.io.tmpdir" value="/tmp"/>
    <property name="line.separator" value="&#10;"/>
    <property name="java.vm.specification.vendor" value="Oracle Corporation"/>
    <property name="os.name" value="Linux"/>
    <property name="net.sourceforge.cobertura.datafile" value="/home/ubuntu/jsoup-master/target/cobertura/cobertura.ser"/>
    <property name="classworlds.conf" value="/usr/share/maven/bin/m2.conf"/>
    <property name="sun.jnu.encoding" value="UTF-8"/>
    <property name="java.library.path" value="/usr/java/packages/lib/amd64:/usr/lib/x86_64-linux-gnu/jni:/lib/x86_64-linux-gnu:/usr/lib/x86_64-linux-gnu:/usr/lib/jni:/lib:/usr/lib"/>
    <property name="java.specification.name" value="Java Platform API Specification"/>
    <property name="java.class.version" value="52.0"/>
    <property name="sun.management.compiler" value="HotSpot 64-Bit Tiered Compilers"/>
    <property name="os.version" value="4.15.0-142-generic"/>
    <property name="user.home" value="/home/ubuntu"/>
    <property name="user.timezone" value="America/New_York"/>
    <property name="java.awt.printerjob" value="sun.print.PSPrinterJob"/>
    <property name="java.specification.version" value="1.8"/>
    <property name="file.encoding" value="UTF-8"/>
    <property name="user.name" value="ubuntu"/>
    <property name="java.class.path" value="/usr/share/maven/boot/plexus-classworlds-2.x.jar"/>
    <property name="java.vm.specification.version" value="1.8"/>
    <property name="sun.arch.data.model" value="64"/>
    <property name="java.home" value="/usr/lib/jvm/java-8-openjdk-amd64/jre"/>
    <property name="sun.java.command" value="org.codehaus.plexus.classworlds.launcher.Launcher cobertura:cobertura"/>
    <property name="java.specification.vendor" value="Oracle Corporation"/>
    <property name="user.language" value="en"/>
    <property name="awt.toolkit" value="sun.awt.X11.XToolkit"/>
    <property name="java.vm.info" value="mixed mode"/>
    <property name="java.version" value="1.8.0_292"/>
    <property name="java.ext.dirs" value="/usr/lib/jvm/java-8-openjdk-amd64/jre/lib/ext:/usr/java/packages/lib/ext"/>
    <property name="securerandom.source" value="file:/dev/./urandom"/>
    <property name="sun.boot.class.path" value="/usr/lib/jvm/java-8-openjdk-amd64/jre/lib/resources.jar:/usr/lib/jvm/java-8-openjdk-amd64/jre/lib/rt.jar:/usr/lib/jvm/java-8-openjdk-amd64/jre/lib/sunrsasign.jar:/usr/lib/jvm/java-8-openjdk-amd64/jre/lib/jsse.jar:/usr/lib/jvm/java-8-openjdk-amd64/jre/lib/jce.jar:/usr/lib/jvm/java-8-openjdk-amd64/jre/lib/charsets.jar:/usr/lib/jvm/java-8-openjdk-amd64/jre/lib/jfr.jar:/usr/lib/jvm/java-8-openjdk-amd64/jre/classes"/>
    <property name="java.vendor" value="Private Build"/>
    <property name="maven.home" value="/usr/share/maven"/>
    <property name="file.separator" value="/"/>
    <property name="java.vendor.url.bug" value="http://bugreport.sun.com/bugreport/"/>
    <property name="sun.cpu.endian" value="little"/>
    <property name="sun.io.unicode.encoding" value="UnicodeLittle"/>
    <property name="project.build.outputDirectory" value="/home/ubuntu/jsoup-master/target/generated-classes/cobertura"/>
    <property name="sun.cpu.isalist" value=""/>
  </properties>
  <testcase name="normalisesHeadlessBody" classname="org.jsoup.parser.HtmlParserTest" time="0.002"/>
  <testcase name="parsesUnterminatedOption" classname="org.jsoup.parser.HtmlParserTest" time="0.001"/>
  <testcase name="handlesProtocolRelativeUrl" classname="org.jsoup.parser.HtmlParserTest" time="0"/>
  <testcase name="dropsUnterminatedTag" classname="org.jsoup.parser.HtmlParserTest" time="0"/>
  <testcase name="canPreserveAttributeCase" classname="org.jsoup.parser.HtmlParserTest" time="0"/>
  <testcase name="handlesNullInComments" classname="org.jsoup.parser.HtmlParserTest" time="0.001"/>
  <testcase name="handlesTextAfterData" classname="org.jsoup.parser.HtmlParserTest" time="0"/>
  <testcase name="dropsUnterminatedAttribute" classname="org.jsoup.parser.HtmlParserTest" time="0.001"/>
  <testcase name="testNormalisesIsIndex" classname="org.jsoup.parser.HtmlParserTest" time="0"/>
  <testcase name="noTableDirectInTable" classname="org.jsoup.parser.HtmlParserTest" time="0"/>
  <testcase name="testSupportsPartiallyNonAsciiTags" classname="org.jsoup.parser.HtmlParserTest" time="0"/>
  <testcase name="testSpaceAfterTag" classname="org.jsoup.parser.HtmlParserTest" time="0"/>
  <testcase name="handlesXmlDeclarationAsBogusComment" classname="org.jsoup.parser.HtmlParserTest" time="0.001"/>
  <testcase name="normalisesDocument" classname="org.jsoup.parser.HtmlParserTest" time="0"/>
  <testcase name="createsStructureFromBodySnippet" classname="org.jsoup.parser.HtmlParserTest" time="0"/>
  <testcase name="canPreserveTagCase" classname="org.jsoup.parser.HtmlParserTest" time="0.001"/>
  <testcase name="preservesSpaceInScript" classname="org.jsoup.parser.HtmlParserTest" time="0"/>
  <testcase name="testHtmlLowerCase" classname="org.jsoup.parser.HtmlParserTest" time="0"/>
  <testcase name="handlesDeepStack" classname="org.jsoup.parser.HtmlParserTest" time="0.654"/>
  <testcase name="parsesSimpleDocument" classname="org.jsoup.parser.HtmlParserTest" time="0"/>
  <testcase name="doesNotCreateImplicitLists" classname="org.jsoup.parser.HtmlParserTest" time="0"/>
  <testcase name="parsesUnterminatedTextarea" classname="org.jsoup.parser.HtmlParserTest" time="0.001"/>
  <testcase name="testSupportsNonAsciiTags" classname="org.jsoup.parser.HtmlParserTest" time="0"/>
  <testcase name="handlesWhatWgExpensesTableExample" classname="org.jsoup.parser.HtmlParserTest" time="0.001"/>
  <testcase name="handlesImplicitCaptionClose" classname="org.jsoup.parser.HtmlParserTest" time="0"/>
  <testcase name="handlesQuotesInCommentsInScripts" classname="org.jsoup.parser.HtmlParserTest" time="0"/>
  <testcase name="handlesInputInTable" classname="org.jsoup.parser.HtmlParserTest" time="0"/>
  <testcase name="handlesInvalidStartTags" classname="org.jsoup.parser.HtmlParserTest" time="0.001"/>
  <testcase name="handlesEscapedData" classname="org.jsoup.parser.HtmlParserTest" time="0"/>
  <testcase name="reconstructFormattingElements" classname="org.jsoup.parser.HtmlParserTest" time="0"/>
  <testcase name="createsDocumentStructure" classname="org.jsoup.parser.HtmlParserTest" time="0"/>
  <testcase name="handlesCdataInScript" classname="org.jsoup.parser.HtmlParserTest" time="0"/>
  <testcase name="handlesUnclosedTitle" classname="org.jsoup.parser.HtmlParserTest" time="0"/>
  <testcase name="caseInsensitiveParseTree" classname="org.jsoup.parser.HtmlParserTest" time="0"/>
  <testcase name="handleNullContextInParseFragment" classname="org.jsoup.parser.HtmlParserTest" time="0.001"/>
  <testcase name="parsesUnterminatedComments" classname="org.jsoup.parser.HtmlParserTest" time="0"/>
  <testcase name="emptyTdTag" classname="org.jsoup.parser.HtmlParserTest" time="0.001"/>
  <testcase name="caseSensitiveParseTree" classname="org.jsoup.parser.HtmlParserTest" time="0"/>
  <testcase name="testFragment" classname="org.jsoup.parser.HtmlParserTest" time="0"/>
  <testcase name="handlesUnclosedScriptAtEof" classname="org.jsoup.parser.HtmlParserTest" time="0"/>
  <testcase name="handlesNewlinesAndWhitespaceInTag" classname="org.jsoup.parser.HtmlParserTest" time="0"/>
  <testcase name="handlesDataOnlyTags" classname="org.jsoup.parser.HtmlParserTest" time="0"/>
  <testcase name="handlesMisnestedAInDivs" classname="org.jsoup.parser.HtmlParserTest" time="0">
    <skipped/>
  </testcase>
  <testcase name="normalizesDiscordantTags" classname="org.jsoup.parser.HtmlParserTest" time="0"/>
  <testcase name="handlesCdataAcrossBuffer" classname="org.jsoup.parser.HtmlParserTest" time="0.007"/>
  <testcase name="noImplicitFormForTextAreas" classname="org.jsoup.parser.HtmlParserTest" time="0.001"/>
  <testcase name="commentBeforeHtml" classname="org.jsoup.parser.HtmlParserTest" time="0.001"/>
  <testcase name="handlesUnclosedCdataAtEOF" classname="org.jsoup.parser.HtmlParserTest" time="0"/>
  <testcase name="handlesCdata" classname="org.jsoup.parser.HtmlParserTest" time="0.005"/>
  <testcase name="handlesKnownEmptyBlocks" classname="org.jsoup.parser.HtmlParserTest" time="0.001"/>
  <testcase name="createsFormElements" classname="org.jsoup.parser.HtmlParserTest" time="0"/>
  <testcase name="noErrorsByDefault" classname="org.jsoup.parser.HtmlParserTest" time="0"/>
  <testcase name="testHeaderContents" classname="org.jsoup.parser.HtmlParserTest" time="0.007"/>
  <testcase name="testRelaxedTags" classname="org.jsoup.parser.HtmlParserTest" time="0"/>
  <testcase name="handlesKnownEmptyStyle" classname="org.jsoup.parser.HtmlParserTest" time="0.003"/>
  <testcase name="handlesKnownEmptyTitle" classname="org.jsoup.parser.HtmlParserTest" time="0"/>
  <testcase name="preservesSpaceInTextArea" classname="org.jsoup.parser.HtmlParserTest" time="0.004"/>
  <testcase name="handlesUnexpectedMarkupInTables" classname="org.jsoup.parser.HtmlParserTest" time="0.001"/>
  <testcase name="handlesKnownEmptyIframe" classname="org.jsoup.parser.HtmlParserTest" time="0"/>
  <testcase name="testTemplateInsideTable" classname="org.jsoup.parser.HtmlParserTest" time="0.001"/>
  <testcase name="cdataNodesAreTextNodes" classname="org.jsoup.parser.HtmlParserTest" time="0"/>
  <testcase name="ignoresContentAfterFrameset" classname="org.jsoup.parser.HtmlParserTest" time="0"/>
  <testcase name="handlesBaseTags" classname="org.jsoup.parser.HtmlParserTest" time="0.007"/>
  <testcase name="testSpanContents" classname="org.jsoup.parser.HtmlParserTest" time="0"/>
  <testcase name="handles0CharacterAsText" classname="org.jsoup.parser.HtmlParserTest" time="0.001"/>
  <testcase name="handlesFrames" classname="org.jsoup.parser.HtmlParserTest" time="0"/>
  <testcase name="handlesJavadocFont" classname="org.jsoup.parser.HtmlParserTest" time="0"/>
  <testcase name="testReinsertionModeForThCelss" classname="org.jsoup.parser.HtmlParserTest" time="0.001"/>
  <testcase name="handlesControlCodeInAttributeName" classname="org.jsoup.parser.HtmlParserTest" time="0.005"/>
  <testcase name="handlesInvalidDoctypes" classname="org.jsoup.parser.HtmlParserTest" time="0"/>
  <testcase name="handlesTagsInTextarea" classname="org.jsoup.parser.HtmlParserTest" time="0"/>
  <testcase name="handlesCommentsInTable" classname="org.jsoup.parser.HtmlParserTest" time="0"/>
  <testcase name="handlesEscapedScript" classname="org.jsoup.parser.HtmlParserTest" time="0"/>
  <testcase name="testInvalidTableContents" classname="org.jsoup.parser.HtmlParserTest" time="0.001"/>
  <testcase name="handlesUnknownTags" classname="org.jsoup.parser.HtmlParserTest" time="0"/>
  <testcase name="ignoresDupeEndTrTag" classname="org.jsoup.parser.HtmlParserTest" time="0"/>
  <testcase name="associatedFormControlsWithDisjointForms" classname="org.jsoup.parser.HtmlParserTest" time="0.004"/>
  <testcase name="handlesTbodyTable" classname="org.jsoup.parser.HtmlParserTest" time="0.001"/>
  <testcase name="normalisedBodyAfterContent" classname="org.jsoup.parser.HtmlParserTest" time="0"/>
  <testcase name="handlesSpanInTbody" classname="org.jsoup.parser.HtmlParserTest" time="0"/>
  <testcase name="handlesUnclosedTitleAtEof" classname="org.jsoup.parser.HtmlParserTest" time="0.003"/>
  <testcase name="handlesSolidusAtAttributeEnd" classname="org.jsoup.parser.HtmlParserTest" time="0"/>
  <testcase name="handlesUnknownNamespaceTags" classname="org.jsoup.parser.HtmlParserTest" time="0"/>
  <testcase name="handlesKnownEmptyNoFrames" classname="org.jsoup.parser.HtmlParserTest" time="0.001"/>
  <testcase name="roundTripsCdata" classname="org.jsoup.parser.HtmlParserTest" time="0"/>
  <testcase name="handlesManyChildren" classname="org.jsoup.parser.HtmlParserTest" time="0.147"/>
  <testcase name="handlesTextArea" classname="org.jsoup.parser.HtmlParserTest" time="0"/>
  <testcase name="convertsImageToImg" classname="org.jsoup.parser.HtmlParserTest" time="0"/>
  <testcase name="preSkipsFirstNewline" classname="org.jsoup.parser.HtmlParserTest" time="0"/>
  <testcase name="commentAtEnd" classname="org.jsoup.parser.HtmlParserTest" time="0"/>
  <testcase name="selfClosingOnNonvoidIsError" classname="org.jsoup.parser.HtmlParserTest" time="0.001"/>
  <testcase name="handlesNestedImplicitTable" classname="org.jsoup.parser.HtmlParserTest" time="0"/>
  <testcase name="parsesRoughAttributes" classname="org.jsoup.parser.HtmlParserTest" time="0.001"/>
  <testcase name="testUsingSingleQuotesInQueries" classname="org.jsoup.parser.HtmlParserTest" time="0"/>
  <testcase name="handlesUnclosedDefinitionLists" classname="org.jsoup.parser.HtmlParserTest" time="0"/>
  <testcase name="handlesWhitespaceInoDocType" classname="org.jsoup.parser.HtmlParserTest" time="0"/>
  <testcase name="reconstructFormattingElementsInTable" classname="org.jsoup.parser.HtmlParserTest" time="0"/>
  <testcase name="selfClosingVoidIsNotAnError" classname="org.jsoup.parser.HtmlParserTest" time="0"/>
  <testcase name="testNoImagesInNoScriptInHead" classname="org.jsoup.parser.HtmlParserTest" time="0.001"/>
  <testcase name="handlesBaseWithoutHref" classname="org.jsoup.parser.HtmlParserTest" time="0"/>
  <testcase name="handlesUnclosedRawtextAtEof" classname="org.jsoup.parser.HtmlParserTest" time="0"/>
  <testcase name="tracksLimitedErrorsWhenRequested" classname="org.jsoup.parser.HtmlParserTest" time="0"/>
  <testcase name="doesNotFindShortestMatchingEntity" classname="org.jsoup.parser.HtmlParserTest" time="0"/>
  <testcase name="tracksErrorsWhenRequested" classname="org.jsoup.parser.HtmlParserTest" time="0"/>
  <testcase name="handlesUnclosedAnchors" classname="org.jsoup.parser.HtmlParserTest" time="0"/>
  <testcase name="parsesBodyFragment" classname="org.jsoup.parser.HtmlParserTest" time="0"/>
  <testcase name="handlesUnknownInlineTags" classname="org.jsoup.parser.HtmlParserTest" time="0"/>
  <testcase name="testSelectWithOption" classname="org.jsoup.parser.HtmlParserTest" time="0"/>
  <testcase name="normalisesEmptyDocument" classname="org.jsoup.parser.HtmlParserTest" time="0"/>
  <testcase name="relaxedBaseEntityMatchAndStrictExtendedMatch" classname="org.jsoup.parser.HtmlParserTest" time="0"/>
  <testcase name="handlesUnclosedFormattingElements" classname="org.jsoup.parser.HtmlParserTest" time="0.001"/>
  <testcase name="handlesSolidusInA" classname="org.jsoup.parser.HtmlParserTest" time="0"/>
  <testcase name="testHgroup" classname="org.jsoup.parser.HtmlParserTest" time="0.001"/>
  <testcase name="discardsNakedTds" classname="org.jsoup.parser.HtmlParserTest" time="0"/>
  <testcase name="parsesComments" classname="org.jsoup.parser.HtmlParserTest" time="0"/>
  <testcase name="testFontFlowContents" classname="org.jsoup.parser.HtmlParserTest" time="0"/>
  <testcase name="handlesMisnestedTagsBI" classname="org.jsoup.parser.HtmlParserTest" time="0"/>
  <testcase name="handlesMisnestedTagsBP" classname="org.jsoup.parser.HtmlParserTest" time="0"/>
  <testcase name="canPreserveBothCase" classname="org.jsoup.parser.HtmlParserTest" time="0"/>
  <testcase name="testHandlesDeepSpans" classname="org.jsoup.parser.HtmlParserTest" time="0"/>
  <testcase name="handleCDataInText" classname="org.jsoup.parser.HtmlParserTest" time="0"/>
  <testcase name="findsCharsetInMalformedMeta" classname="org.jsoup.parser.HtmlParserTest" time="0"/>
  <testcase name="handlesMultiClosingBody" classname="org.jsoup.parser.HtmlParserTest" time="0"/>
  <testcase name="handlesBlocksInDefinitions" classname="org.jsoup.parser.HtmlParserTest" time="0"/>
  <testcase name="testAFlowContents" classname="org.jsoup.parser.HtmlParserTest" time="0"/>
  <testcase name="handlesNullInData" classname="org.jsoup.parser.HtmlParserTest" time="0"/>
  <testcase name="parsesQuiteRoughAttributes" classname="org.jsoup.parser.HtmlParserTest" time="0"/>
</testsuite>