<?xml version="1.0" encoding="UTF-8"?>
<testsuite name="org.jsoup.integration.ConnectTest" time="1.681" tests="23" errors="0" skipped="5" failures="0">
  <properties>
    <property name="java.runtime.name" value="OpenJDK Runtime Environment"/>
    <property name="sun.boot.library.path" value="/usr/lib/jvm/java-8-openjdk-amd64/jre/lib/amd64"/>
    <property name="java.vm.version" value="25.292-b10"/>
    <property name="java.vm.vendor" value="Private Build"/>
    <property name="maven.multiModuleProjectDirectory" value="/home/ubuntu/jsoup-master"/>
    <property name="java.vendor.url" value="http://java.oracle.com/"/>
    <property name="path.separator" value=":"/>
    <property name="guice.disable.misplaced.annotation.check" value="true"/>
    <property name="java.vm.name" value="OpenJDK 64-Bit Server VM"/>
    <property name="file.encoding.pkg" value="sun.io"/>
    <property name="user.country" value="US"/>
    <property name="sun.java.launcher" value="SUN_STANDARD"/>
    <property name="sun.os.patch.level" value="unknown"/>
    <property name="java.vm.specification.name" value="Java Virtual Machine Specification"/>
    <property name="user.dir" value="/home/ubuntu/jsoup-master"/>
    <property name="java.runtime.version" value="1.8.0_292-8u292-b10-0ubuntu1~16.04.1-b10"/>
    <property name="java.awt.graphicsenv" value="sun.awt.X11GraphicsEnvironment"/>
    <property name="java.endorsed.dirs" value="/usr/lib/jvm/java-8-openjdk-amd64/jre/lib/endorsed"/>
    <property name="os.arch" value="amd64"/>
    <property name="java.io.tmpdir" value="/tmp"/>
    <property name="line.separator" value="&#10;"/>
    <property name="java.vm.specification.vendor" value="Oracle Corporation"/>
    <property name="os.name" value="Linux"/>
    <property name="net.sourceforge.cobertura.datafile" value="/home/ubuntu/jsoup-master/target/cobertura/cobertura.ser"/>
    <property name="classworlds.conf" value="/usr/share/maven/bin/m2.conf"/>
    <property name="sun.jnu.encoding" value="UTF-8"/>
    <property name="java.library.path" value="/usr/java/packages/lib/amd64:/usr/lib/x86_64-linux-gnu/jni:/lib/x86_64-linux-gnu:/usr/lib/x86_64-linux-gnu:/usr/lib/jni:/lib:/usr/lib"/>
    <property name="java.specification.name" value="Java Platform API Specification"/>
    <property name="java.class.version" value="52.0"/>
    <property name="sun.management.compiler" value="HotSpot 64-Bit Tiered Compilers"/>
    <property name="os.version" value="4.15.0-142-generic"/>
    <property name="user.home" value="/home/ubuntu"/>
    <property name="user.timezone" value="America/New_York"/>
    <property name="java.awt.printerjob" value="sun.print.PSPrinterJob"/>
    <property name="java.specification.version" value="1.8"/>
    <property name="file.encoding" value="UTF-8"/>
    <property name="user.name" value="ubuntu"/>
    <property name="java.class.path" value="/usr/share/maven/boot/plexus-classworlds-2.x.jar"/>
    <property name="java.vm.specification.version" value="1.8"/>
    <property name="sun.arch.data.model" value="64"/>
    <property name="java.home" value="/usr/lib/jvm/java-8-openjdk-amd64/jre"/>
    <property name="sun.java.command" value="org.codehaus.plexus.classworlds.launcher.Launcher cobertura:cobertura"/>
    <property name="java.specification.vendor" value="Oracle Corporation"/>
    <property name="user.language" value="en"/>
    <property name="awt.toolkit" value="sun.awt.X11.XToolkit"/>
    <property name="java.vm.info" value="mixed mode"/>
    <property name="java.version" value="1.8.0_292"/>
    <property name="java.ext.dirs" value="/usr/lib/jvm/java-8-openjdk-amd64/jre/lib/ext:/usr/java/packages/lib/ext"/>
    <property name="securerandom.source" value="file:/dev/./urandom"/>
    <property name="sun.boot.class.path" value="/usr/lib/jvm/java-8-openjdk-amd64/jre/lib/resources.jar:/usr/lib/jvm/java-8-openjdk-amd64/jre/lib/rt.jar:/usr/lib/jvm/java-8-openjdk-amd64/jre/lib/sunrsasign.jar:/usr/lib/jvm/java-8-openjdk-amd64/jre/lib/jsse.jar:/usr/lib/jvm/java-8-openjdk-amd64/jre/lib/jce.jar:/usr/lib/jvm/java-8-openjdk-amd64/jre/lib/charsets.jar:/usr/lib/jvm/java-8-openjdk-amd64/jre/lib/jfr.jar:/usr/lib/jvm/java-8-openjdk-amd64/jre/classes"/>
    <property name="java.vendor" value="Private Build"/>
    <property name="maven.home" value="/usr/share/maven"/>
    <property name="file.separator" value="/"/>
    <property name="java.vendor.url.bug" value="http://bugreport.sun.com/bugreport/"/>
    <property name="sun.cpu.endian" value="little"/>
    <property name="sun.io.unicode.encoding" value="UnicodeLittle"/>
    <property name="project.build.outputDirectory" value="/home/ubuntu/jsoup-master/target/generated-classes/cobertura"/>
    <property name="sun.cpu.isalist" value=""/>
  </properties>
  <testcase name="multipleParsesOkAfterBufferUp" classname="org.jsoup.integration.ConnectTest" time="0.143"/>
  <testcase name="multiCookieSet" classname="org.jsoup.integration.ConnectTest" time="1.261"/>
  <testcase name="canInterruptBodyStringRead" classname="org.jsoup.integration.ConnectTest" time="0">
    <skipped/>
    <system-out><![CDATA[[DEBUG] fillInterested HttpConnection@67b939b4[FILLING,SelectChannelEndPoint@4d5b5f8d{/127.0.0.1:54572<->37701,Open,in,out,-,-,4/30000,HttpConnection}{io=0,kio=0,kro=1}][p=HttpParser{s=START,0 of -1},g=HttpGenerator{s=START},c=HttpChannelOverHttp@4964c7b8{r=2,c=false,a=IDLE,uri=}]
[DEBUG] FILLING-->FILLING_FILL_INTERESTED HttpConnection@67b939b4[FILLING_FILL_INTERESTED,SelectChannelEndPoint@4d5b5f8d{/127.0.0.1:54572<->37701,Open,in,out,-,-,4/30000,HttpConnection}{io=0,kio=0,kro=1}][p=HttpParser{s=START,0 of -1},g=HttpGenerator{s=START},c=HttpChannelOverHttp@4964c7b8{r=2,c=false,a=IDLE,uri=}]
[DEBUG] FILLING_FILL_INTERESTED-->FILL_INTERESTED HttpConnection@67b939b4[FILL_INTERESTED,SelectChannelEndPoint@4d5b5f8d{/127.0.0.1:54572<->37701,Open,in,out,-,-,5/30000,HttpConnection}{io=0,kio=0,kro=1}][p=HttpParser{s=START,0 of -1},g=HttpGenerator{s=START},c=HttpChannelOverHttp@4964c7b8{r=2,c=false,a=IDLE,uri=}]
[DEBUG] Local interests updating 0 -> 1 for SelectChannelEndPoint@4d5b5f8d{/127.0.0.1:54572<->37701,Open,in,out,R,-,0/30000,HttpConnection}{io=1,kio=0,kro=1}
[DEBUG] Queued change org.eclipse.jetty.io.SelectChannelEndPoint$1@1993ef3a
]]></system-out>
  </testcase>
  <testcase name="bodyAndBytesAvailableBeforeParse" classname="org.jsoup.integration.ConnectTest" time="0.011"/>
  <testcase name="parseParseThrowsValidates" classname="org.jsoup.integration.ConnectTest" time="0.006"/>
  <testcase name="totalTimeout" classname="org.jsoup.integration.ConnectTest" time="0">
    <skipped/>
  </testcase>
  <testcase name="fetchURIWithWihtespace" classname="org.jsoup.integration.ConnectTest" time="0.012"/>
  <testcase name="infiniteReadSupported" classname="org.jsoup.integration.ConnectTest" time="0">
    <skipped/>
  </testcase>
  <testcase name="sendsRequestBodyWithUrlParams" classname="org.jsoup.integration.ConnectTest" time="0.02"/>
  <testcase name="fetchURl" classname="org.jsoup.integration.ConnectTest" time="0.008"/>
  <testcase name="sendsRequestBody" classname="org.jsoup.integration.ConnectTest" time="0.022"/>
  <testcase name="bodyAfterParseThrowsValidationError" classname="org.jsoup.integration.ConnectTest" time="0.014"/>
  <testcase name="doesPost" classname="org.jsoup.integration.ConnectTest" time="0.016"/>
  <testcase name="supportsDeflate" classname="org.jsoup.integration.ConnectTest" time="0.025"/>
  <testcase name="canInterruptDocumentRead" classname="org.jsoup.integration.ConnectTest" time="0">
    <skipped/>
  </testcase>
  <testcase name="sendsRequestBodyJsonWithoutData" classname="org.jsoup.integration.ConnectTest" time="0.006"/>
  <testcase name="sendsRequestBodyJsonWithData" classname="org.jsoup.integration.ConnectTest" time="0.017"/>
  <testcase name="canConnectToLocalServer" classname="org.jsoup.integration.ConnectTest" time="0.016"/>
  <testcase name="doesGet" classname="org.jsoup.integration.ConnectTest" time="0.011"/>
  <testcase name="doesPut" classname="org.jsoup.integration.ConnectTest" time="0.037"/>
  <testcase name="exceptOnUnsupportedProtocol" classname="org.jsoup.integration.ConnectTest" time="0.001"/>
  <testcase name="postFiles" classname="org.jsoup.integration.ConnectTest" time="0.055"/>
  <testcase name="slowReadOk" classname="org.jsoup.integration.ConnectTest" time="0">
    <skipped/>
  </testcase>
</testsuite>