<?xml version="1.0" encoding="UTF-8"?>
<testsuite name="org.jsoup.select.SelectorTest" time="0.027" tests="62" errors="0" skipped="0" failures="0">
  <properties>
    <property name="java.runtime.name" value="OpenJDK Runtime Environment"/>
    <property name="sun.boot.library.path" value="/usr/lib/jvm/java-8-openjdk-amd64/jre/lib/amd64"/>
    <property name="java.vm.version" value="25.292-b10"/>
    <property name="java.vm.vendor" value="Private Build"/>
    <property name="maven.multiModuleProjectDirectory" value="/home/ubuntu/jsoup-master"/>
    <property name="java.vendor.url" value="http://java.oracle.com/"/>
    <property name="path.separator" value=":"/>
    <property name="guice.disable.misplaced.annotation.check" value="true"/>
    <property name="java.vm.name" value="OpenJDK 64-Bit Server VM"/>
    <property name="file.encoding.pkg" value="sun.io"/>
    <property name="user.country" value="US"/>
    <property name="sun.java.launcher" value="SUN_STANDARD"/>
    <property name="sun.os.patch.level" value="unknown"/>
    <property name="java.vm.specification.name" value="Java Virtual Machine Specification"/>
    <property name="user.dir" value="/home/ubuntu/jsoup-master"/>
    <property name="java.runtime.version" value="1.8.0_292-8u292-b10-0ubuntu1~16.04.1-b10"/>
    <property name="java.awt.graphicsenv" value="sun.awt.X11GraphicsEnvironment"/>
    <property name="java.endorsed.dirs" value="/usr/lib/jvm/java-8-openjdk-amd64/jre/lib/endorsed"/>
    <property name="os.arch" value="amd64"/>
    <property name="java.io.tmpdir" value="/tmp"/>
    <property name="line.separator" value="&#10;"/>
    <property name="java.vm.specification.vendor" value="Oracle Corporation"/>
    <property name="os.name" value="Linux"/>
    <property name="net.sourceforge.cobertura.datafile" value="/home/ubuntu/jsoup-master/target/cobertura/cobertura.ser"/>
    <property name="classworlds.conf" value="/usr/share/maven/bin/m2.conf"/>
    <property name="sun.jnu.encoding" value="UTF-8"/>
    <property name="java.library.path" value="/usr/java/packages/lib/amd64:/usr/lib/x86_64-linux-gnu/jni:/lib/x86_64-linux-gnu:/usr/lib/x86_64-linux-gnu:/usr/lib/jni:/lib:/usr/lib"/>
    <property name="java.specification.name" value="Java Platform API Specification"/>
    <property name="java.class.version" value="52.0"/>
    <property name="sun.management.compiler" value="HotSpot 64-Bit Tiered Compilers"/>
    <property name="os.version" value="4.15.0-142-generic"/>
    <property name="user.home" value="/home/ubuntu"/>
    <property name="user.timezone" value="America/New_York"/>
    <property name="java.awt.printerjob" value="sun.print.PSPrinterJob"/>
    <property name="java.specification.version" value="1.8"/>
    <property name="file.encoding" value="UTF-8"/>
    <property name="user.name" value="ubuntu"/>
    <property name="java.class.path" value="/usr/share/maven/boot/plexus-classworlds-2.x.jar"/>
    <property name="java.vm.specification.version" value="1.8"/>
    <property name="sun.arch.data.model" value="64"/>
    <property name="java.home" value="/usr/lib/jvm/java-8-openjdk-amd64/jre"/>
    <property name="sun.java.command" value="org.codehaus.plexus.classworlds.launcher.Launcher cobertura:cobertura"/>
    <property name="java.specification.vendor" value="Oracle Corporation"/>
    <property name="user.language" value="en"/>
    <property name="awt.toolkit" value="sun.awt.X11.XToolkit"/>
    <property name="java.vm.info" value="mixed mode"/>
    <property name="java.version" value="1.8.0_292"/>
    <property name="java.ext.dirs" value="/usr/lib/jvm/java-8-openjdk-amd64/jre/lib/ext:/usr/java/packages/lib/ext"/>
    <property name="securerandom.source" value="file:/dev/./urandom"/>
    <property name="sun.boot.class.path" value="/usr/lib/jvm/java-8-openjdk-amd64/jre/lib/resources.jar:/usr/lib/jvm/java-8-openjdk-amd64/jre/lib/rt.jar:/usr/lib/jvm/java-8-openjdk-amd64/jre/lib/sunrsasign.jar:/usr/lib/jvm/java-8-openjdk-amd64/jre/lib/jsse.jar:/usr/lib/jvm/java-8-openjdk-amd64/jre/lib/jce.jar:/usr/lib/jvm/java-8-openjdk-amd64/jre/lib/charsets.jar:/usr/lib/jvm/java-8-openjdk-amd64/jre/lib/jfr.jar:/usr/lib/jvm/java-8-openjdk-amd64/jre/classes"/>
    <property name="java.vendor" value="Private Build"/>
    <property name="maven.home" value="/usr/share/maven"/>
    <property name="file.separator" value="/"/>
    <property name="java.vendor.url.bug" value="http://bugreport.sun.com/bugreport/"/>
    <property name="sun.cpu.endian" value="little"/>
    <property name="sun.io.unicode.encoding" value="UnicodeLittle"/>
    <property name="project.build.outputDirectory" value="/home/ubuntu/jsoup-master/target/generated-classes/cobertura"/>
    <property name="sun.cpu.isalist" value=""/>
  </properties>
  <testcase name="containsData" classname="org.jsoup.select.SelectorTest" time="0.001"/>
  <testcase name="testByAttributeStarting" classname="org.jsoup.select.SelectorTest" time="0.001"/>
  <testcase name="deeperDescendant" classname="org.jsoup.select.SelectorTest" time="0"/>
  <testcase name="selectSameElements" classname="org.jsoup.select.SelectorTest" time="0"/>
  <testcase name="testPseudoEquals" classname="org.jsoup.select.SelectorTest" time="0.001"/>
  <testcase name="testByClassCaseInsensitive" classname="org.jsoup.select.SelectorTest" time="0"/>
  <testcase name="testByAttributeRegexCharacterClass" classname="org.jsoup.select.SelectorTest" time="0"/>
  <testcase name="testAllWithClass" classname="org.jsoup.select.SelectorTest" time="0"/>
  <testcase name="testByTag" classname="org.jsoup.select.SelectorTest" time="0"/>
  <testcase name="testById" classname="org.jsoup.select.SelectorTest" time="0.004"/>
  <testcase name="findBetweenSpan" classname="org.jsoup.select.SelectorTest" time="0.001"/>
  <testcase name="descendant" classname="org.jsoup.select.SelectorTest" time="0"/>
  <testcase name="handlesCommasInSelector" classname="org.jsoup.select.SelectorTest" time="0"/>
  <testcase name="notAll" classname="org.jsoup.select.SelectorTest" time="0"/>
  <testcase name="testByAttribute" classname="org.jsoup.select.SelectorTest" time="0.001"/>
  <testcase name="selectClassWithSpace" classname="org.jsoup.select.SelectorTest" time="0.001"/>
  <testcase name="notAdjacent" classname="org.jsoup.select.SelectorTest" time="0.001"/>
  <testcase name="testCombinedWithContains" classname="org.jsoup.select.SelectorTest" time="0"/>
  <testcase name="containsWithQuote" classname="org.jsoup.select.SelectorTest" time="0"/>
  <testcase name="testPseudoGreaterThan" classname="org.jsoup.select.SelectorTest" time="0.001"/>
  <testcase name="testAllElements" classname="org.jsoup.select.SelectorTest" time="0"/>
  <testcase name="testByAttributeRegex" classname="org.jsoup.select.SelectorTest" time="0"/>
  <testcase name="mixCombinator" classname="org.jsoup.select.SelectorTest" time="0"/>
  <testcase name="testRelaxedTags" classname="org.jsoup.select.SelectorTest" time="0.001"/>
  <testcase name="testPseudoBetween" classname="org.jsoup.select.SelectorTest" time="0"/>
  <testcase name="testPseudoLessThan" classname="org.jsoup.select.SelectorTest" time="0"/>
  <testcase name="testGroupOr" classname="org.jsoup.select.SelectorTest" time="0.001"/>
  <testcase name="testByClass" classname="org.jsoup.select.SelectorTest" time="0"/>
  <testcase name="and" classname="org.jsoup.select.SelectorTest" time="0.001"/>
  <testcase name="attributeWithBrackets" classname="org.jsoup.select.SelectorTest" time="0"/>
  <testcase name="testPsuedoContainsWithParentheses" classname="org.jsoup.select.SelectorTest" time="0"/>
  <testcase name="testGroupOrAttribute" classname="org.jsoup.select.SelectorTest" time="0"/>
  <testcase name="caseInsensitive" classname="org.jsoup.select.SelectorTest" time="0"/>
  <testcase name="selectFirst" classname="org.jsoup.select.SelectorTest" time="0"/>
  <testcase name="containsOwn" classname="org.jsoup.select.SelectorTest" time="0.003"/>
  <testcase name="testCharactersInIdAndClass" classname="org.jsoup.select.SelectorTest" time="0"/>
  <testcase name="splitOnBr" classname="org.jsoup.select.SelectorTest" time="0"/>
  <testcase name="multiChildDescent" classname="org.jsoup.select.SelectorTest" time="0"/>
  <testcase name="adjacentSiblingsWithId" classname="org.jsoup.select.SelectorTest" time="0"/>
  <testcase name="testMatches" classname="org.jsoup.select.SelectorTest" time="0.001"/>
  <testcase name="matchText" classname="org.jsoup.select.SelectorTest" time="0.001"/>
  <testcase name="selectFirstWithOr" classname="org.jsoup.select.SelectorTest" time="0"/>
  <testcase name="matchTextAttributes" classname="org.jsoup.select.SelectorTest" time="0"/>
  <testcase name="parentWithClassChild" classname="org.jsoup.select.SelectorTest" time="0"/>
  <testcase name="generalSiblings" classname="org.jsoup.select.SelectorTest" time="0.001"/>
  <testcase name="parentChildStar" classname="org.jsoup.select.SelectorTest" time="0"/>
  <testcase name="testPseudoCombined" classname="org.jsoup.select.SelectorTest" time="0"/>
  <testcase name="testPseudoContains" classname="org.jsoup.select.SelectorTest" time="0.001"/>
  <testcase name="testPseudoHas" classname="org.jsoup.select.SelectorTest" time="0"/>
  <testcase name="notClass" classname="org.jsoup.select.SelectorTest" time="0.001"/>
  <testcase name="notParas" classname="org.jsoup.select.SelectorTest" time="0"/>
  <testcase name="selectSupplementaryCharacter" classname="org.jsoup.select.SelectorTest" time="0.001"/>
  <testcase name="adjacentSiblings" classname="org.jsoup.select.SelectorTest" time="0"/>
  <testcase name="testNamespacedTag" classname="org.jsoup.select.SelectorTest" time="0"/>
  <testcase name="testNestedHas" classname="org.jsoup.select.SelectorTest" time="0.001"/>
  <testcase name="parentChildElement" classname="org.jsoup.select.SelectorTest" time="0"/>
  <testcase name="testByAttributeRegexCombined" classname="org.jsoup.select.SelectorTest" time="0"/>
  <testcase name="matchesOwn" classname="org.jsoup.select.SelectorTest" time="0"/>
  <testcase name="testSupportsLeadingCombinator" classname="org.jsoup.select.SelectorTest" time="0"/>
  <testcase name="mixCombinatorGroup" classname="org.jsoup.select.SelectorTest" time="0.001"/>
  <testcase name="testWildcardNamespacedTag" classname="org.jsoup.select.SelectorTest" time="0.001"/>
  <testcase name="selectFirstWithAnd" classname="org.jsoup.select.SelectorTest" time="0"/>
</testsuite>